#
# There is insufficient memory for the Java Runtime Environment to continue.
# Native memory allocation (malloc) failed to allocate 360576 bytes for Chunk::new
# Possible reasons:
#   The system is out of physical RAM or swap space
#   The process is running with CompressedOops enabled, and the Java Heap may be blocking the growth of the native heap
# Possible solutions:
#   Reduce memory load on the system
#   Increase physical memory or swap space
#   Check if swap backing store is full
#   Decrease Java heap size (-Xmx/-Xms)
#   Decrease number of Java threads
#   Decrease Java thread stack sizes (-Xss)
#   Set larger code cache with -XX:ReservedCodeCacheSize=
#   JVM is running with Unscaled Compressed Oops mode in which the Java heap is
#     placed in the first 4GB address space. The Java Heap base address is the
#     maximum limit for the native heap growth. Please use -XX:HeapBaseMinAddress
#     to set the Java Heap base and to place the Java Heap above 4GB virtual address.
# This output file may be truncated or incomplete.
#
#  Out of Memory Error (allocation.cpp:389), pid=10908, tid=0x0000000000002b18
#
# JRE version: OpenJDK Runtime Environment (8.0_242-b01) (build 1.8.0_242-release-1644-b01)
# Java VM: OpenJDK 64-Bit Server VM (25.242-b01 mixed mode windows-amd64 compressed oops)
# Failed to write core dump. Minidumps are not enabled by default on client versions of Windows
#

---------------  T H R E A D  ---------------

Current thread (0x0000000016f5e800):  JavaThread "C2 CompilerThread1" daemon [_thread_in_native, id=11032, stack(0x0000000018690000,0x0000000018790000)]

Stack: [0x0000000018690000,0x0000000018790000]
[error occurred during error reporting (printing stack bounds), id 0xc0000005]

Native frames: (J=compiled Java code, j=interpreted, Vv=VM code, C=native code)


Current CompileTask:
C2:2360305 27841       4       jdk.internal.org.objectweb.asm.ClassWriter::toByteArray (1289 bytes)


---------------  P R O C E S S  ---------------

Java Threads: ( => current thread )
  0x000000001ad9e800 JavaThread "stdout" [_thread_in_native, id=7952, stack(0x0000000037cc0000,0x0000000037dc0000)]
  0x000000001ad9b000 JavaThread "stderr" [_thread_in_native, id=8984, stack(0x0000000037bc0000,0x0000000037cc0000)]
  0x000000001ad9e000 JavaThread "stdout" [_thread_in_native, id=10660, stack(0x0000000038260000,0x0000000038360000)]
  0x000000002e599000 JavaThread "stderr" [_thread_in_native, id=10428, stack(0x0000000037ea0000,0x0000000037fa0000)]
  0x000000002e598800 JavaThread "pool-14-thread-1" [_thread_blocked, id=2204, stack(0x0000000037ac0000,0x0000000037bc0000)]
  0x000000002e597800 JavaThread "WorkerExecutor Queue Thread 2" [_thread_blocked, id=3396, stack(0x00000000379c0000,0x0000000037ac0000)]
  0x000000002e595800 JavaThread "WorkerExecutor Queue" [_thread_blocked, id=5436, stack(0x00000000378c0000,0x00000000379c0000)]
  0x000000002e593000 JavaThread "Execution worker for ':' Thread 3" [_thread_blocked, id=1244, stack(0x00000000375c0000,0x00000000376c0000)]
  0x000000002e596000 JavaThread "Cache worker for execution history cache (C:\Users\Aniruddha Thorat\AndroidStudioProjects\NEWS_feeds\.gradle\6.5\executionHistory)" [_thread_blocked, id=10176, stack(0x00000000374c0000,0x00000000375c0000)]
  0x000000002e594800 JavaThread "Execution worker for ':' Thread 2" [_thread_blocked, id=6864, stack(0x0000000036bc0000,0x0000000036cc0000)]
  0x000000001d7fd800 JavaThread "Execution worker for ':'" [_thread_in_Java, id=9152, stack(0x0000000035650000,0x0000000035750000)]
  0x000000001d7fb000 JavaThread "Cache worker for file content cache (C:\Users\Aniruddha Thorat\AndroidStudioProjects\NEWS_feeds\.gradle\6.5\fileContent)" [_thread_blocked, id=6004, stack(0x0000000033ba0000,0x0000000033ca0000)]
  0x000000001d7fe000 JavaThread "pool-13-thread-1" [_thread_blocked, id=9360, stack(0x0000000032420000,0x0000000032520000)]
  0x000000001d7fc000 JavaThread "Cache worker for Build Output Cleanup Cache (C:\Users\Aniruddha Thorat\AndroidStudioProjects\NEWS_feeds\.gradle\buildOutputCleanup)" [_thread_blocked, id=3648, stack(0x00000000312f0000,0x00000000313f0000)]
  0x000000001d7fc800 JavaThread "jar transforms Thread 677" [_thread_blocked, id=7984, stack(0x000000002ffe0000,0x00000000300e0000)]
  0x000000001d7f5000 JavaThread "jar transforms Thread 676" [_thread_blocked, id=11088, stack(0x000000002c300000,0x000000002c400000)]
  0x000000001d7f6000 JavaThread "jar transforms Thread 675" [_thread_blocked, id=11004, stack(0x000000002c200000,0x000000002c300000)]
  0x000000001d7f8000 JavaThread "jar transforms Thread 674" [_thread_blocked, id=3392, stack(0x000000002bf00000,0x000000002c000000)]
  0x000000001d7f0800 JavaThread "jar transforms Thread 673" [_thread_blocked, id=8000, stack(0x000000002ad50000,0x000000002ae50000)]
  0x000000001d7f3800 JavaThread "jar transforms Thread 672" [_thread_blocked, id=10600, stack(0x000000002ac50000,0x000000002ad50000)]
  0x000000001d7f3000 JavaThread "jar transforms Thread 671" [_thread_blocked, id=11128, stack(0x000000002ab50000,0x000000002ac50000)]
  0x000000001d7f2000 JavaThread "jar transforms Thread 670" [_thread_blocked, id=7192, stack(0x000000002aa50000,0x000000002ab50000)]
  0x000000001d58f800 JavaThread "jar transforms Thread 669" [_thread_blocked, id=9408, stack(0x000000002a950000,0x000000002aa50000)]
  0x000000001d58e800 JavaThread "jar transforms Thread 668" [_thread_blocked, id=7720, stack(0x000000002a850000,0x000000002a950000)]
  0x000000001d58e000 JavaThread "jar transforms Thread 667" [_thread_blocked, id=7096, stack(0x000000002a750000,0x000000002a850000)]
  0x000000001d58b800 JavaThread "jar transforms Thread 666" [_thread_blocked, id=10248, stack(0x000000002a650000,0x000000002a750000)]
  0x000000001d58c800 JavaThread "jar transforms Thread 665" [_thread_blocked, id=5144, stack(0x000000002a350000,0x000000002a450000)]
  0x000000001d58d000 JavaThread "jar transforms Thread 664" [_thread_blocked, id=1540, stack(0x0000000029c50000,0x0000000029d50000)]
  0x000000001d588000 JavaThread "jar transforms Thread 663" [_thread_blocked, id=9612, stack(0x0000000029b50000,0x0000000029c50000)]
  0x000000001d58b000 JavaThread "jar transforms Thread 662" [_thread_blocked, id=8024, stack(0x0000000029a50000,0x0000000029b50000)]
  0x000000001d589800 JavaThread "jar transforms Thread 661" [_thread_blocked, id=8408, stack(0x0000000029270000,0x0000000029370000)]
  0x000000001d588800 JavaThread "jar transforms Thread 660" [_thread_blocked, id=2252, stack(0x0000000028f40000,0x0000000029040000)]
  0x000000001d587000 JavaThread "jar transforms Thread 659" [_thread_blocked, id=8404, stack(0x0000000028e40000,0x0000000028f40000)]
  0x000000001d58a000 JavaThread "jar transforms Thread 658" [_thread_blocked, id=2180, stack(0x0000000028d40000,0x0000000028e40000)]
  0x000000001d583800 JavaThread "jar transforms Thread 657" [_thread_blocked, id=10456, stack(0x0000000028100000,0x0000000028200000)]
  0x000000001d585800 JavaThread "jar transforms Thread 656" [_thread_blocked, id=5828, stack(0x0000000027e00000,0x0000000027f00000)]
  0x000000001f4b9800 JavaThread "jar transforms Thread 655" [_thread_blocked, id=4352, stack(0x0000000027ad0000,0x0000000027bd0000)]
  0x000000001f4b9000 JavaThread "jar transforms Thread 654" [_thread_blocked, id=8952, stack(0x00000000279d0000,0x0000000027ad0000)]
  0x000000001f4b8000 JavaThread "jar transforms Thread 653" [_thread_blocked, id=8624, stack(0x00000000278d0000,0x00000000279d0000)]
  0x000000001f4b3800 JavaThread "jar transforms Thread 652" [_thread_blocked, id=10144, stack(0x00000000277d0000,0x00000000278d0000)]
  0x000000001f4b3000 JavaThread "jar transforms Thread 651" [_thread_blocked, id=3408, stack(0x00000000276d0000,0x00000000277d0000)]
  0x000000001f4b6000 JavaThread "jar transforms Thread 650" [_thread_blocked, id=4276, stack(0x00000000275d0000,0x00000000276d0000)]
  0x000000001f4b5000 JavaThread "jar transforms Thread 649" [_thread_blocked, id=9936, stack(0x00000000274d0000,0x00000000275d0000)]
  0x000000001f4af000 JavaThread "jar transforms Thread 648" [_thread_blocked, id=7764, stack(0x00000000273d0000,0x00000000274d0000)]
  0x000000001f4b2000 JavaThread "jar transforms Thread 647" [_thread_blocked, id=1656, stack(0x00000000272d0000,0x00000000273d0000)]
  0x000000001f4b1800 JavaThread "jar transforms Thread 646" [_thread_blocked, id=10332, stack(0x00000000271d0000,0x00000000272d0000)]
  0x000000001f4ac000 JavaThread "jar transforms Thread 645" [_thread_blocked, id=10352, stack(0x00000000270d0000,0x00000000271d0000)]
  0x000000001f4ab800 JavaThread "jar transforms Thread 644" [_thread_blocked, id=9188, stack(0x0000000026fd0000,0x00000000270d0000)]
  0x000000001f4ad000 JavaThread "jar transforms Thread 643" [_thread_blocked, id=4212, stack(0x0000000026ed0000,0x0000000026fd0000)]
  0x000000001f4aa800 JavaThread "jar transforms Thread 642" [_thread_blocked, id=10052, stack(0x0000000026dd0000,0x0000000026ed0000)]
  0x000000001f4ad800 JavaThread "jar transforms Thread 641" [_thread_blocked, id=9908, stack(0x0000000026cd0000,0x0000000026dd0000)]
  0x000000001ee1e800 JavaThread "jar transforms Thread 640" [_thread_blocked, id=8548, stack(0x0000000026bd0000,0x0000000026cd0000)]
  0x000000001ee1e000 JavaThread "jar transforms Thread 639" [_thread_blocked, id=5972, stack(0x0000000026ad0000,0x0000000026bd0000)]
  0x000000001ee1d000 JavaThread "jar transforms Thread 638" [_thread_blocked, id=11204, stack(0x00000000269d0000,0x0000000026ad0000)]
  0x000000001ee19000 JavaThread "jar transforms Thread 637" [_thread_blocked, id=5764, stack(0x00000000268d0000,0x00000000269d0000)]
  0x000000001ee1c800 JavaThread "jar transforms Thread 636" [_thread_blocked, id=11248, stack(0x00000000267d0000,0x00000000268d0000)]
  0x000000001ee15800 JavaThread "jar transforms Thread 635" [_thread_blocked, id=8620, stack(0x00000000266d0000,0x00000000267d0000)]
  0x000000001ee18800 JavaThread "jar transforms Thread 634" [_thread_blocked, id=9768, stack(0x00000000265d0000,0x00000000266d0000)]
  0x000000001ee14000 JavaThread "jar transforms Thread 633" [_thread_blocked, id=7212, stack(0x00000000264d0000,0x00000000265d0000)]
  0x000000001ee17000 JavaThread "jar transforms Thread 632" [_thread_blocked, id=10516, stack(0x00000000263d0000,0x00000000264d0000)]
  0x000000001ee16000 JavaThread "jar transforms Thread 631" [_thread_blocked, id=3628, stack(0x00000000262d0000,0x00000000263d0000)]
  0x000000001ee11000 JavaThread "jar transforms Thread 630" [_thread_blocked, id=8672, stack(0x00000000261d0000,0x00000000262d0000)]
  0x000000001ee13000 JavaThread "jar transforms Thread 629" [_thread_blocked, id=6636, stack(0x00000000260d0000,0x00000000261d0000)]
  0x000000001ee11800 JavaThread "jar transforms Thread 628" [_thread_blocked, id=10988, stack(0x0000000025fd0000,0x00000000260d0000)]
  0x000000001ee0f800 JavaThread "jar transforms Thread 627" [_thread_blocked, id=8852, stack(0x0000000025ed0000,0x0000000025fd0000)]
  0x000000001ee12800 JavaThread "jar transforms Thread 626" [_thread_blocked, id=8908, stack(0x0000000025dd0000,0x0000000025ed0000)]
  0x000000001ee10000 JavaThread "jar transforms Thread 625" [_thread_blocked, id=6580, stack(0x0000000025cd0000,0x0000000025dd0000)]
  0x000000001a220800 JavaThread "jar transforms Thread 624" [_thread_blocked, id=9728, stack(0x0000000025bd0000,0x0000000025cd0000)]
  0x000000001a21f800 JavaThread "jar transforms Thread 623" [_thread_blocked, id=9324, stack(0x0000000025ad0000,0x0000000025bd0000)]
  0x000000001a222000 JavaThread "jar transforms Thread 622" [_thread_blocked, id=10188, stack(0x00000000259d0000,0x0000000025ad0000)]
  0x000000001a221000 JavaThread "jar transforms Thread 621" [_thread_blocked, id=1164, stack(0x00000000258d0000,0x00000000259d0000)]
  0x000000001a21f000 JavaThread "jar transforms Thread 620" [_thread_blocked, id=11208, stack(0x00000000257d0000,0x00000000258d0000)]
  0x000000001a21e000 JavaThread "jar transforms Thread 619" [_thread_blocked, id=10056, stack(0x00000000256d0000,0x00000000257d0000)]
  0x000000001a21c000 JavaThread "jar transforms Thread 618" [_thread_blocked, id=11220, stack(0x00000000255d0000,0x00000000256d0000)]
  0x000000001a21a800 JavaThread "jar transforms Thread 617" [_thread_blocked, id=9564, stack(0x00000000254d0000,0x00000000255d0000)]
  0x000000001a21d800 JavaThread "jar transforms Thread 616" [_thread_blocked, id=9584, stack(0x00000000253d0000,0x00000000254d0000)]
  0x000000001a21b000 JavaThread "jar transforms Thread 615" [_thread_blocked, id=10120, stack(0x00000000252d0000,0x00000000253d0000)]
  0x000000001a219800 JavaThread "jar transforms Thread 614" [_thread_blocked, id=10004, stack(0x00000000251d0000,0x00000000252d0000)]
  0x000000001a21c800 JavaThread "jar transforms Thread 613" [_thread_blocked, id=8744, stack(0x00000000250d0000,0x00000000251d0000)]
  0x000000001a216800 JavaThread "jar transforms Thread 612" [_thread_blocked, id=808, stack(0x0000000024fd0000,0x00000000250d0000)]
  0x000000001a216000 JavaThread "jar transforms Thread 611" [_thread_blocked, id=6632, stack(0x0000000024ed0000,0x0000000024fd0000)]
  0x000000001a219000 JavaThread "jar transforms Thread 610" [_thread_blocked, id=3492, stack(0x0000000024dd0000,0x0000000024ed0000)]
  0x000000001a218000 JavaThread "jar transforms Thread 609" [_thread_blocked, id=1536, stack(0x0000000024cd0000,0x0000000024dd0000)]
  0x000000001d934000 JavaThread "jar transforms Thread 608" [_thread_blocked, id=6804, stack(0x0000000024bd0000,0x0000000024cd0000)]
  0x000000001d935800 JavaThread "jar transforms Thread 607" [_thread_blocked, id=9340, stack(0x0000000024ad0000,0x0000000024bd0000)]
  0x000000001d933000 JavaThread "jar transforms Thread 606" [_thread_blocked, id=10756, stack(0x00000000249d0000,0x0000000024ad0000)]
  0x000000001d934800 JavaThread "jar transforms Thread 605" [_thread_blocked, id=1312, stack(0x00000000248d0000,0x00000000249d0000)]
  0x000000001d931800 JavaThread "jar transforms Thread 604" [_thread_blocked, id=10776, stack(0x00000000247d0000,0x00000000248d0000)]
  0x000000001d931000 JavaThread "jar transforms Thread 603" [_thread_blocked, id=5152, stack(0x00000000246d0000,0x00000000247d0000)]
  0x000000001d932800 JavaThread "jar transforms Thread 602" [_thread_blocked, id=9396, stack(0x00000000245d0000,0x00000000246d0000)]
  0x000000001d92f800 JavaThread "jar transforms Thread 601" [_thread_blocked, id=9944, stack(0x00000000244d0000,0x00000000245d0000)]
  0x000000001d930000 JavaThread "jar transforms Thread 600" [_thread_blocked, id=5300, stack(0x00000000243d0000,0x00000000244d0000)]
  0x000000001d92b800 JavaThread "jar transforms Thread 599" [_thread_blocked, id=2220, stack(0x00000000242d0000,0x00000000243d0000)]
  0x000000001d92e800 JavaThread "jar transforms Thread 598" [_thread_blocked, id=11064, stack(0x00000000241d0000,0x00000000242d0000)]
  0x000000001d92d000 JavaThread "jar transforms Thread 597" [_thread_blocked, id=6092, stack(0x0000000023ad0000,0x0000000023bd0000)]
  0x000000001d92b000 JavaThread "jar transforms Thread 596" [_thread_blocked, id=10708, stack(0x00000000239d0000,0x0000000023ad0000)]
  0x000000001d927000 JavaThread "jar transforms Thread 595" [_thread_blocked, id=7960, stack(0x00000000238d0000,0x00000000239d0000)]
  0x000000001d926800 JavaThread "jar transforms Thread 594" [_thread_blocked, id=4556, stack(0x00000000237d0000,0x00000000238d0000)]
  0x000000001d929800 JavaThread "jar transforms Thread 593" [_thread_blocked, id=8740, stack(0x00000000236d0000,0x00000000237d0000)]
  0x000000001d928800 JavaThread "jar transforms Thread 592" [_thread_blocked, id=2216, stack(0x00000000235d0000,0x00000000236d0000)]
  0x000000001d928000 JavaThread "jar transforms Thread 591" [_thread_blocked, id=4328, stack(0x0000000023290000,0x0000000023390000)]
  0x000000001f1ae800 JavaThread "jar transforms Thread 590" [_thread_blocked, id=9492, stack(0x0000000023190000,0x0000000023290000)]
  0x000000001f1ad800 JavaThread "jar transforms Thread 589" [_thread_blocked, id=11256, stack(0x0000000023090000,0x0000000023190000)]
  0x000000001f1aa800 JavaThread "jar transforms Thread 588" [_thread_blocked, id=10068, stack(0x0000000022f90000,0x0000000023090000)]
  0x000000001f1ad000 JavaThread "jar transforms Thread 587" [_thread_blocked, id=5452, stack(0x0000000022e90000,0x0000000022f90000)]
  0x000000001f1a9800 JavaThread "jar transforms Thread 586" [_thread_blocked, id=11108, stack(0x0000000022d90000,0x0000000022e90000)]
  0x000000001f1ac000 JavaThread "Build operations Thread 4" [_thread_in_Java, id=8956, stack(0x0000000022a30000,0x0000000022b30000)]
  0x000000001f1a6000 JavaThread "Build operations Thread 3" [_thread_blocked, id=8476, stack(0x0000000022930000,0x0000000022a30000)]
  0x000000001f1a9000 JavaThread "Build operations Thread 2" [_thread_in_Java, id=5556, stack(0x0000000022830000,0x0000000022930000)]
  0x000000001f1a8000 JavaThread "Build operations" [_thread_in_Java, id=388, stack(0x0000000022100000,0x0000000022200000)]
  0x000000001f1a6800 JavaThread "Cache worker for cache directory md-rule (C:\Users\Aniruddha Thorat\.gradle\caches\6.5\md-rule)" [_thread_blocked, id=10124, stack(0x0000000022000000,0x0000000022100000)]
  0x000000001f1a7800 JavaThread "Cache worker for cache directory md-supplier (C:\Users\Aniruddha Thorat\.gradle\caches\6.5\md-supplier)" [_thread_blocked, id=9448, stack(0x0000000021f00000,0x0000000022000000)]
  0x000000001f1a5000 JavaThread "Cache worker for checksums cache (C:\Users\Aniruddha Thorat\AndroidStudioProjects\NEWS_feeds\.gradle\checksums)" [_thread_blocked, id=8980, stack(0x0000000021e00000,0x0000000021f00000)]
  0x000000001f1a4800 JavaThread "Cache worker for file hash cache (C:\Users\Aniruddha Thorat\AndroidStudioProjects\NEWS_feeds\.gradle\6.5\fileHashes)" [_thread_blocked, id=9004, stack(0x0000000021d00000,0x0000000021e00000)]
  0x000000001f1a3000 JavaThread "Thread-795" [_thread_blocked, id=9740, stack(0x0000000021500000,0x0000000021600000)]
  0x000000001f1a3800 JavaThread "Stdin handler" [_thread_blocked, id=8508, stack(0x000000001f840000,0x000000001f940000)]
  0x000000001f1a0800 JavaThread "Asynchronous log dispatcher for DefaultDaemonConnection: socket connection from /127.0.0.1:61397 to /127.0.0.1:64167" [_thread_blocked, id=9628, stack(0x000000001e6b0000,0x000000001e7b0000)]
  0x000000001f19f000 JavaThread "Daemon worker Thread 9" [_thread_blocked, id=10652, stack(0x000000001c7e0000,0x000000001c8e0000)]
  0x000000001f1a2000 JavaThread "Cancel handler" [_thread_blocked, id=9020, stack(0x000000001c6e0000,0x000000001c7e0000)]
  0x000000001f1a1800 JavaThread "Handler for socket connection from /127.0.0.1:61397 to /127.0.0.1:64167" [_thread_in_native, id=8444, stack(0x000000001c5e0000,0x000000001c6e0000)]
  0x000000001f1a0000 JavaThread "Daemon Thread 9" [_thread_blocked, id=8392, stack(0x000000001bc10000,0x000000001bd10000)]
  0x000000001a213000 JavaThread "Cache worker for Java compile cache (C:\Users\Aniruddha Thorat\.gradle\caches\6.5\javaCompile)" [_thread_blocked, id=9808, stack(0x000000001bd10000,0x000000001be10000)]
  0x000000001d7f0000 JavaThread "Memory manager" [_thread_blocked, id=9512, stack(0x0000000028600000,0x0000000028700000)]
  0x000000001ad9d000 JavaThread "Cache worker for file content cache (C:\Users\Aniruddha Thorat\.gradle\caches\6.5\fileContent)" [_thread_blocked, id=9540, stack(0x0000000021600000,0x0000000021700000)]
  0x000000001ad9f800 JavaThread "Cache worker for execution history cache (C:\Users\Aniruddha Thorat\.gradle\caches\6.5\executionHistory)" [_thread_blocked, id=8948, stack(0x0000000020e00000,0x0000000020f00000)]
  0x000000001ad9a000 JavaThread "Cache worker for file hash cache (C:\Users\Aniruddha Thorat\.gradle\caches\6.5\fileHashes)" [_thread_blocked, id=9388, stack(0x000000001d1e0000,0x000000001d2e0000)]
  0x000000001ad9c800 JavaThread "File lock request listener" [_thread_in_native, id=9884, stack(0x000000001d0e0000,0x000000001d1e0000)]
  0x000000001aae3800 JavaThread "Cache worker for journal cache (C:\Users\Aniruddha Thorat\.gradle\caches\journal-1)" [_thread_blocked, id=9832, stack(0x000000001cee0000,0x000000001cfe0000)]
  0x000000001a845800 JavaThread "Daemon periodic checks" [_thread_blocked, id=9840, stack(0x000000001c2e0000,0x000000001c3e0000)]
  0x000000001a835800 JavaThread "Incoming local TCP Connector on port 61397" [_thread_in_native, id=8560, stack(0x000000001be10000,0x000000001bf10000)]
  0x0000000018eb6000 JavaThread "Daemon health stats" [_thread_blocked, id=7288, stack(0x000000001b830000,0x000000001b930000)]
  0x00000000188b9800 JavaThread "Service Thread" daemon [_thread_blocked, id=10508, stack(0x0000000018c90000,0x0000000018d90000)]
  0x0000000016f75000 JavaThread "C1 CompilerThread2" daemon [_thread_blocked, id=10192, stack(0x0000000018790000,0x0000000018890000)]
=>0x0000000016f5e800 JavaThread "C2 CompilerThread1" daemon [_thread_in_native, id=11032, stack(0x0000000018690000,0x0000000018790000)]
  0x0000000016f53000 JavaThread "C2 CompilerThread0" daemon [_thread_in_native, id=9572, stack(0x0000000018590000,0x0000000018690000)]
  0x0000000016f51800 JavaThread "Attach Listener" daemon [_thread_blocked, id=2652, stack(0x0000000018490000,0x0000000018590000)]
  0x0000000016f50000 JavaThread "Signal Dispatcher" daemon [_thread_blocked, id=6272, stack(0x0000000018390000,0x0000000018490000)]
  0x000000000225b000 JavaThread "Finalizer" daemon [_thread_blocked, id=3904, stack(0x00000000181b0000,0x00000000182b0000)]
  0x0000000016f39000 JavaThread "Reference Handler" daemon [_thread_blocked, id=5808, stack(0x00000000180b0000,0x00000000181b0000)]
  0x000000000231d800 JavaThread "main" [_thread_blocked, id=5320, stack(0x00000000008d0000,0x00000000009d0000)]

Other Threads:
  0x0000000016f17000 VMThread [stack: 0x0000000017fb0000,0x00000000180b0000] [id=10404]
  0x00000000188ba000 WatcherThread [stack: 0x0000000018d90000,0x0000000018e90000] [id=3432]

VM state:not at safepoint (normal execution)

VM Mutex/Monitor currently owned by a thread: None

heap address: 0x0000000080000000, size: 2048 MB, Compressed Oops mode: 32-bit
Narrow klass base: 0x0000000000000000, Narrow klass shift: 3
Compressed class space size: 1073741824 Address: 0x0000000100000000

Heap:
 PSYoungGen      total 601088K, used 540964K [0x00000000d5580000, 0x0000000100000000, 0x0000000100000000)
  eden space 567808K, 95% used [0x00000000d5580000,0x00000000f65c9388,0x00000000f8000000)
  from space 33280K, 0% used [0x00000000fdf80000,0x00000000fdf80000,0x0000000100000000)
  to   space 65536K, 0% used [0x00000000f8000000,0x00000000f8000000,0x00000000fc000000)
 ParOldGen       total 292864K, used 118059K [0x0000000080000000, 0x0000000091e00000, 0x00000000d5580000)
  object space 292864K, 40% used [0x0000000080000000,0x000000008734ac40,0x0000000091e00000)
 Metaspace       used 166433K, capacity 175425K, committed 175700K, reserved 1202176K
  class space    used 21773K, capacity 23581K, committed 23660K, reserved 1048576K

Card table byte_map: [0x00000000116f0000,0x0000000011b00000] byte_map_base: 0x00000000112f0000

Marking Bits: (ParMarkBitMap*) 0x0000000051b1f030
 Begin Bits: [0x00000000121b0000, 0x00000000141b0000)
 End Bits:   [0x00000000141b0000, 0x00000000161b0000)

Polling page: 0x00000000007c0000

CodeCache: size=245760Kb used=79024Kb max_used=79024Kb free=166735Kb
 bounds [0x0000000002330000, 0x00000000070f0000, 0x0000000011330000]
 total_blobs=23029 nmethods=22075 adapters=865
 compilation: enabled

Compilation events (10 events):
Event: 2359.923 Thread 0x0000000016f75000 27843       3       com.android.tools.r8.graph.O0::b (61 bytes)
Event: 2359.924 Thread 0x0000000016f75000 nmethod 27843 0x0000000006ed8850 code [0x0000000006ed8a40, 0x0000000006ed9410]
Event: 2359.925 Thread 0x0000000016f75000 27844       3       com.android.tools.r8.graph.O0::c (53 bytes)
Event: 2359.925 Thread 0x0000000016f75000 nmethod 27844 0x00000000070aa690 code [0x00000000070aa7e0, 0x00000000070aa950]
Event: 2359.926 Thread 0x0000000016f75000 27845       3       com.android.tools.r8.graph.O0::c (134 bytes)
Event: 2359.926 Thread 0x0000000016f75000 nmethod 27845 0x0000000006e76e90 code [0x0000000006e77060, 0x0000000006e775b8]
Event: 2359.926 Thread 0x0000000016f75000 27846       3       com.android.tools.r8.graph.l::<init> (36 bytes)
Event: 2359.927 Thread 0x0000000016f75000 nmethod 27846 0x0000000006ed8190 code [0x0000000006ed8300, 0x0000000006ed8650]
Event: 2359.927 Thread 0x0000000016f75000 27847       3       com.android.tools.r8.graph.P0::a (64 bytes)
Event: 2359.927 Thread 0x0000000016f75000 nmethod 27847 0x0000000006d9e390 code [0x0000000006d9e4e0, 0x0000000006d9e670]

GC Heap History (10 events):
Event: 106.450 GC heap before
{Heap before GC invocations=31 (full 4):
 PSYoungGen      total 645632K, used 18329K [0x00000000d5580000, 0x0000000100000000, 0x0000000100000000)
  eden space 611840K, 0% used [0x00000000d5580000,0x00000000d5580000,0x00000000fab00000)
  from space 33792K, 54% used [0x00000000fab00000,0x00000000fbce65e0,0x00000000fcc00000)
  to   space 32768K, 0% used [0x00000000fe000000,0x00000000fe000000,0x0000000100000000)
 ParOldGen       total 114688K, used 84925K [0x0000000080000000, 0x0000000087000000, 0x00000000d5580000)
  object space 114688K, 74% used [0x0000000080000000,0x00000000852ef4a0,0x0000000087000000)
 Metaspace       used 93445K, capacity 98458K, committed 98584K, reserved 1134592K
  class space    used 12398K, capacity 13321K, committed 13360K, reserved 1048576K
Event: 106.765 GC heap after
Heap after GC invocations=31 (full 4):
 PSYoungGen      total 645632K, used 0K [0x00000000d5580000, 0x0000000100000000, 0x0000000100000000)
  eden space 611840K, 0% used [0x00000000d5580000,0x00000000d5580000,0x00000000fab00000)
  from space 33792K, 0% used [0x00000000fab00000,0x00000000fab00000,0x00000000fcc00000)
  to   space 32768K, 0% used [0x00000000fe000000,0x00000000fe000000,0x0000000100000000)
 ParOldGen       total 192000K, used 70213K [0x0000000080000000, 0x000000008bb80000, 0x00000000d5580000)
  object space 192000K, 36% used [0x0000000080000000,0x0000000084491688,0x000000008bb80000)
 Metaspace       used 93231K, capacity 97884K, committed 98584K, reserved 1134592K
  class space    used 12324K, capacity 13190K, committed 13360K, reserved 1048576K
}
Event: 304.100 GC heap before
{Heap before GC invocations=32 (full 4):
 PSYoungGen      total 645632K, used 611840K [0x00000000d5580000, 0x0000000100000000, 0x0000000100000000)
  eden space 611840K, 100% used [0x00000000d5580000,0x00000000fab00000,0x00000000fab00000)
  from space 33792K, 0% used [0x00000000fab00000,0x00000000fab00000,0x00000000fcc00000)
  to   space 32768K, 0% used [0x00000000fe000000,0x00000000fe000000,0x0000000100000000)
 ParOldGen       total 192000K, used 70213K [0x0000000080000000, 0x000000008bb80000, 0x00000000d5580000)
  object space 192000K, 36% used [0x0000000080000000,0x0000000084491688,0x000000008bb80000)
 Metaspace       used 99932K, capacity 104962K, committed 105240K, reserved 1140736K
  class space    used 12920K, capacity 13825K, committed 13872K, reserved 1048576K
Event: 304.180 GC heap after
Heap after GC invocations=32 (full 4):
 PSYoungGen      total 665088K, used 21292K [0x00000000d5580000, 0x0000000100000000, 0x0000000100000000)
  eden space 632320K, 0% used [0x00000000d5580000,0x00000000d5580000,0x00000000fbf00000)
  from space 32768K, 64% used [0x00000000fe000000,0x00000000ff4cb028,0x0000000100000000)
  to   space 33280K, 0% used [0x00000000fbf00000,0x00000000fbf00000,0x00000000fdf80000)
 ParOldGen       total 192000K, used 70221K [0x0000000080000000, 0x000000008bb80000, 0x00000000d5580000)
  object space 192000K, 36% used [0x0000000080000000,0x0000000084493688,0x000000008bb80000)
 Metaspace       used 99932K, capacity 104962K, committed 105240K, reserved 1140736K
  class space    used 12920K, capacity 13825K, committed 13872K, reserved 1048576K
}
Event: 989.939 GC heap before
{Heap before GC invocations=33 (full 4):
 PSYoungGen      total 665088K, used 653612K [0x00000000d5580000, 0x0000000100000000, 0x0000000100000000)
  eden space 632320K, 100% used [0x00000000d5580000,0x00000000fbf00000,0x00000000fbf00000)
  from space 32768K, 64% used [0x00000000fe000000,0x00000000ff4cb028,0x0000000100000000)
  to   space 33280K, 0% used [0x00000000fbf00000,0x00000000fbf00000,0x00000000fdf80000)
 ParOldGen       total 192000K, used 70221K [0x0000000080000000, 0x000000008bb80000, 0x00000000d5580000)
  object space 192000K, 36% used [0x0000000080000000,0x0000000084493688,0x000000008bb80000)
 Metaspace       used 127652K, capacity 134710K, committed 134808K, reserved 1165312K
  class space    used 16741K, capacity 18073K, committed 18096K, reserved 1048576K
Event: 990.105 GC heap after
Heap after GC invocations=33 (full 4):
 PSYoungGen      total 665600K, used 33276K [0x00000000d5580000, 0x0000000100000000, 0x0000000100000000)
  eden space 632320K, 0% used [0x00000000d5580000,0x00000000d5580000,0x00000000fbf00000)
  from space 33280K, 99% used [0x00000000fbf00000,0x00000000fdf7f0a0,0x00000000fdf80000)
  to   space 33280K, 0% used [0x00000000fdf80000,0x00000000fdf80000,0x0000000100000000)
 ParOldGen       total 192000K, used 92611K [0x0000000080000000, 0x000000008bb80000, 0x00000000d5580000)
  object space 192000K, 48% used [0x0000000080000000,0x0000000085a70e68,0x000000008bb80000)
 Metaspace       used 127652K, capacity 134710K, committed 134808K, reserved 1165312K
  class space    used 16741K, capacity 18073K, committed 18096K, reserved 1048576K
}
Event: 1208.383 GC heap before
{Heap before GC invocations=34 (full 4):
 PSYoungGen      total 665600K, used 497335K [0x00000000d5580000, 0x0000000100000000, 0x0000000100000000)
  eden space 632320K, 73% used [0x00000000d5580000,0x00000000f1aaeef8,0x00000000fbf00000)
  from space 33280K, 99% used [0x00000000fbf00000,0x00000000fdf7f0a0,0x00000000fdf80000)
  to   space 33280K, 0% used [0x00000000fdf80000,0x00000000fdf80000,0x0000000100000000)
 ParOldGen       total 192000K, used 92611K [0x0000000080000000, 0x000000008bb80000, 0x00000000d5580000)
  object space 192000K, 48% used [0x0000000080000000,0x0000000085a70e68,0x000000008bb80000)
 Metaspace       used 155724K, capacity 164183K, committed 164308K, reserved 1191936K
  class space    used 20553K, capacity 22252K, committed 22252K, reserved 1048576K
Event: 1208.612 GC heap after
Heap after GC invocations=34 (full 4):
 PSYoungGen      total 601088K, used 33269K [0x00000000d5580000, 0x0000000100000000, 0x0000000100000000)
  eden space 567808K, 0% used [0x00000000d5580000,0x00000000d5580000,0x00000000f8000000)
  from space 33280K, 99% used [0x00000000fdf80000,0x00000000ffffd738,0x0000000100000000)
  to   space 65536K, 0% used [0x00000000f8000000,0x00000000f8000000,0x00000000fc000000)
 ParOldGen       total 192000K, used 139422K [0x0000000080000000, 0x000000008bb80000, 0x00000000d5580000)
  object space 192000K, 72% used [0x0000000080000000,0x0000000088827828,0x000000008bb80000)
 Metaspace       used 155724K, capacity 164183K, committed 164308K, reserved 1191936K
  class space    used 20553K, capacity 22252K, committed 22252K, reserved 1048576K
}
Event: 1208.612 GC heap before
{Heap before GC invocations=35 (full 5):
 PSYoungGen      total 601088K, used 33269K [0x00000000d5580000, 0x0000000100000000, 0x0000000100000000)
  eden space 567808K, 0% used [0x00000000d5580000,0x00000000d5580000,0x00000000f8000000)
  from space 33280K, 99% used [0x00000000fdf80000,0x00000000ffffd738,0x0000000100000000)
  to   space 65536K, 0% used [0x00000000f8000000,0x00000000f8000000,0x00000000fc000000)
 ParOldGen       total 192000K, used 139422K [0x0000000080000000, 0x000000008bb80000, 0x00000000d5580000)
  object space 192000K, 72% used [0x0000000080000000,0x0000000088827828,0x000000008bb80000)
 Metaspace       used 155724K, capacity 164183K, committed 164308K, reserved 1191936K
  class space    used 20553K, capacity 22252K, committed 22252K, reserved 1048576K
Event: 1210.703 GC heap after
Heap after GC invocations=35 (full 5):
 PSYoungGen      total 601088K, used 0K [0x00000000d5580000, 0x0000000100000000, 0x0000000100000000)
  eden space 567808K, 0% used [0x00000000d5580000,0x00000000d5580000,0x00000000f8000000)
  from space 33280K, 0% used [0x00000000fdf80000,0x00000000fdf80000,0x0000000100000000)
  to   space 65536K, 0% used [0x00000000f8000000,0x00000000f8000000,0x00000000fc000000)
 ParOldGen       total 292864K, used 118059K [0x0000000080000000, 0x0000000091e00000, 0x00000000d5580000)
  object space 292864K, 40% used [0x0000000080000000,0x000000008734ac40,0x0000000091e00000)
 Metaspace       used 155495K, capacity 163779K, committed 164308K, reserved 1191936K
  class space    used 20485K, capacity 22171K, committed 22252K, reserved 1048576K
}

Deoptimization events (10 events):
Event: 2359.272 Thread 0x000000001f1a9000 Uncommon trap: reason=bimorphic action=maybe_recompile pc=0x0000000006b6ab00 method=java.util.Map.forEach(Ljava/util/function/BiConsumer;)V @ 27
Event: 2359.892 Thread 0x000000001f1a9000 Uncommon trap: reason=class_check action=maybe_recompile pc=0x00000000053cd830 method=java.util.PriorityQueue.siftUpComparable(ILjava/lang/Object;)V @ 1
Event: 2359.894 Thread 0x000000001f1a9000 Uncommon trap: reason=class_check action=maybe_recompile pc=0x00000000053cd830 method=java.util.PriorityQueue.siftUpComparable(ILjava/lang/Object;)V @ 1
Event: 2359.894 Thread 0x000000001f1a9000 Uncommon trap: reason=class_check action=maybe_recompile pc=0x00000000053cd830 method=java.util.PriorityQueue.siftUpComparable(ILjava/lang/Object;)V @ 1
Event: 2359.894 Thread 0x000000001f1a9000 Uncommon trap: reason=predicate action=maybe_recompile pc=0x00000000054041e0 method=java.util.PriorityQueue.indexOf(Ljava/lang/Object;)I @ 14
Event: 2359.894 Thread 0x000000001f1a9000 Uncommon trap: reason=class_check action=maybe_recompile pc=0x0000000004e49c58 method=java.util.PriorityQueue.siftDownComparable(ILjava/lang/Object;)V @ 1
Event: 2359.894 Thread 0x000000001f1a9000 Uncommon trap: reason=predicate action=maybe_recompile pc=0x00000000024a0fbc method=java.util.PriorityQueue.indexOf(Ljava/lang/Object;)I @ 14
Event: 2359.894 Thread 0x000000001f1a9000 Uncommon trap: reason=class_check action=maybe_recompile pc=0x0000000004e49c58 method=java.util.PriorityQueue.siftDownComparable(ILjava/lang/Object;)V @ 1
Event: 2359.894 Thread 0x000000001f1a9000 Uncommon trap: reason=class_check action=maybe_recompile pc=0x0000000004a05060 method=java.util.PriorityQueue.siftUpComparable(ILjava/lang/Object;)V @ 1
Event: 2359.895 Thread 0x000000001f1a9000 Uncommon trap: reason=class_check action=maybe_recompile pc=0x0000000004e49c58 method=java.util.PriorityQueue.siftDownComparable(ILjava/lang/Object;)V @ 1

Classes redefined (0 events):
No events

Internal exceptions (10 events):
Event: 2355.079 Thread 0x000000002e593000 Implicit null exception at 0x0000000005b327bb to 0x0000000005b3370d
Event: 2355.127 Thread 0x000000002e593000 Implicit null exception at 0x00000000030ce3eb to 0x00000000030ce79d
Event: 2356.228 Thread 0x000000001d7fd800 Exception <a 'sun/nio/fs/WindowsException'> (0x00000000f0daa800) thrown at [C:\src\AOSP-openjdk-git\hotspot\src\share\vm\prims\jni.cpp, line 710]
Event: 2356.228 Thread 0x000000001d7fd800 Exception <a 'sun/nio/fs/WindowsException'> (0x00000000f0dab540) thrown at [C:\src\AOSP-openjdk-git\hotspot\src\share\vm\prims\jni.cpp, line 710]
Event: 2356.577 Thread 0x000000001f1a9000 Exception <a 'java/lang/NoSuchMethodError': java.lang.Object.lambda$static$0(Ljava/lang/String;)Z> (0x00000000f1808a88) thrown at [C:\src\AOSP-openjdk-git\hotspot\src\share\vm\interpreter\linkResolver.cpp, line 620]
Event: 2356.662 Thread 0x000000001f1a9000 Exception <a 'sun/nio/fs/WindowsException'> (0x00000000f1c01658) thrown at [C:\src\AOSP-openjdk-git\hotspot\src\share\vm\prims\jni.cpp, line 710]
Event: 2357.298 Thread 0x000000001f1a8000 Exception <a 'sun/nio/fs/WindowsException'> (0x00000000f2b0ee50) thrown at [C:\src\AOSP-openjdk-git\hotspot\src\share\vm\prims\jni.cpp, line 710]
Event: 2357.954 Thread 0x000000001d7fd800 Exception <a 'sun/nio/fs/WindowsException'> (0x00000000f3be34a0) thrown at [C:\src\AOSP-openjdk-git\hotspot\src\share\vm\prims\jni.cpp, line 710]
Event: 2358.849 Thread 0x000000001f1a9000 Exception <a 'java/lang/NoSuchMethodError': java.lang.Object.b(Lcom/android/tools/r8/graph/p1$b;)Lcom/android/tools/r8/graph/p1$b;> (0x00000000f54168a0) thrown at [C:\src\AOSP-openjdk-git\hotspot\src\share\vm\interpreter\linkResolver.cpp, line 620]
Event: 2359.883 Thread 0x000000001f1ac000 Exception <a 'sun/nio/fs/WindowsException'> (0x00000000f63b65e0) thrown at [C:\src\AOSP-openjdk-git\hotspot\src\share\vm\prims\jni.cpp, line 710]

Events (10 events):
Event: 2359.921 loading class com/android/tools/r8/ir/regalloc/b
Event: 2359.921 loading class com/android/tools/r8/ir/regalloc/b done
Event: 2359.922 loading class com/android/tools/r8/ir/regalloc/a
Event: 2359.922 loading class com/android/tools/r8/ir/regalloc/a done
Event: 2359.923 loading class com/android/tools/r8/ir/regalloc/b
Event: 2359.923 loading class com/android/tools/r8/ir/regalloc/b done
Event: 2359.923 loading class com/android/tools/r8/ir/regalloc/a
Event: 2359.923 loading class com/android/tools/r8/ir/regalloc/a done
Event: 2359.924 loading class com/android/tools/r8/ir/regalloc/j
Event: 2359.924 loading class com/android/tools/r8/ir/regalloc/j done


Dynamic libraries:
0x00007ff7492c0000 - 0x00007ff7492f1000 	C:\Program Files\Android\Android Studio\jre\bin\java.exe
0x00007ffdf08e0000 - 0x00007ffdf0a8c000 	C:\Windows\SYSTEM32\ntdll.dll
0x00007ffdf07a0000 - 0x00007ffdf08de000 	C:\Windows\system32\KERNEL32.DLL
0x00007ffdedc00000 - 0x00007ffdedd15000 	C:\Windows\system32\KERNELBASE.dll
0x00007ffdeede0000 - 0x00007ffdeee8a000 	C:\Windows\system32\ADVAPI32.dll
0x00007ffdee320000 - 0x00007ffdee497000 	C:\Windows\system32\USER32.dll
0x00007ffdeb8f0000 - 0x00007ffdebb6b000 	C:\Windows\WinSxS\amd64_microsoft.windows.common-controls_6595b64144ccf1df_6.0.9600.17415_none_6240486fecbd8abb\COMCTL32.dll
0x00007ffdee890000 - 0x00007ffdee93a000 	C:\Windows\system32\msvcrt.dll
0x00007ffdee4a0000 - 0x00007ffdee4f9000 	C:\Windows\SYSTEM32\sechost.dll
0x00007ffdf0590000 - 0x00007ffdf06d1000 	C:\Windows\system32\RPCRT4.dll
0x00007ffdee940000 - 0x00007ffdeea91000 	C:\Windows\system32\GDI32.dll
0x00007ffdeeaa0000 - 0x00007ffdeead6000 	C:\Windows\system32\IMM32.DLL
0x00007ffdee100000 - 0x00007ffdee253000 	C:\Windows\system32\MSCTF.dll
0x0000000055320000 - 0x00000000553f2000 	C:\Program Files\Android\Android Studio\jre\jre\bin\msvcr100.dll
0x0000000051350000 - 0x0000000051b9b000 	C:\Program Files\Android\Android Studio\jre\jre\bin\server\jvm.dll
0x00007ffde0b60000 - 0x00007ffde0b69000 	C:\Windows\SYSTEM32\WSOCK32.dll
0x00007ffde6030000 - 0x00007ffde6052000 	C:\Windows\SYSTEM32\WINMM.dll
0x00007ffde9be0000 - 0x00007ffde9bea000 	C:\Windows\SYSTEM32\VERSION.dll
0x00007ffdee880000 - 0x00007ffdee887000 	C:\Windows\system32\PSAPI.DLL
0x00007ffdee820000 - 0x00007ffdee87a000 	C:\Windows\system32\WS2_32.dll
0x00007ffde6000000 - 0x00007ffde602a000 	C:\Windows\SYSTEM32\WINMMBASE.dll
0x00007ffdee500000 - 0x00007ffdee509000 	C:\Windows\system32\NSI.dll
0x00007ffdedb00000 - 0x00007ffdedb4f000 	C:\Windows\SYSTEM32\cfgmgr32.dll
0x00007ffdec7c0000 - 0x00007ffdec7e8000 	C:\Windows\SYSTEM32\DEVOBJ.dll
0x00007ffdd53a0000 - 0x00007ffdd53af000 	C:\Program Files\Android\Android Studio\jre\jre\bin\verify.dll
0x00007ffdd1e50000 - 0x00007ffdd1e79000 	C:\Program Files\Android\Android Studio\jre\jre\bin\java.dll
0x00007ffdd4be0000 - 0x00007ffdd4bf6000 	C:\Program Files\Android\Android Studio\jre\jre\bin\zip.dll
0x00007ffdef070000 - 0x00007ffdf0589000 	C:\Windows\system32\SHELL32.dll
0x00007ffdee520000 - 0x00007ffdee731000 	C:\Windows\SYSTEM32\combase.dll
0x00007ffdee7b0000 - 0x00007ffdee804000 	C:\Windows\system32\SHLWAPI.dll
0x00007ffdec1e0000 - 0x00007ffdec292000 	C:\Windows\SYSTEM32\SHCORE.dll
0x00007ffded9f0000 - 0x00007ffdeda05000 	C:\Windows\SYSTEM32\profapi.dll
0x00007ffdd2320000 - 0x00007ffdd233a000 	C:\Program Files\Android\Android Studio\jre\jre\bin\net.dll
0x00007ffded310000 - 0x00007ffded369000 	C:\Windows\system32\mswsock.dll
0x00007ffdd1e30000 - 0x00007ffdd1e43000 	C:\Program Files\Android\Android Studio\jre\jre\bin\nio.dll
0x00007ffdc4530000 - 0x00007ffdc4557000 	C:\Users\Aniruddha Thorat\.gradle\native\f6784746aeab05261644944871eae4fe03e0ef1612fff0a4a95f87b438bc6780\windows-amd64\native-platform.dll
0x00007ffdd4b60000 - 0x00007ffdd4b6d000 	C:\Program Files\Android\Android Studio\jre\jre\bin\management.dll
0x00007ffded370000 - 0x00007ffded390000 	C:\Windows\SYSTEM32\CRYPTSP.dll
0x00007ffdecf40000 - 0x00007ffdecf76000 	C:\Windows\system32\rsaenh.dll
0x00007ffded5c0000 - 0x00007ffded5e6000 	C:\Windows\SYSTEM32\bcrypt.dll
0x00007ffded050000 - 0x00007ffded071000 	C:\Windows\SYSTEM32\USERENV.dll
0x00007ffded8e0000 - 0x00007ffded943000 	C:\Windows\system32\bcryptprimitives.dll
0x00007ffdeda30000 - 0x00007ffdeda3b000 	C:\Windows\SYSTEM32\CRYPTBASE.dll
0x00007ffde8c90000 - 0x00007ffde8cba000 	C:\Windows\SYSTEM32\IPHLPAPI.DLL
0x00007ffde8940000 - 0x00007ffde894a000 	C:\Windows\SYSTEM32\WINNSI.DLL
0x00007ffde59b0000 - 0x00007ffde59c6000 	C:\Windows\SYSTEM32\dhcpcsvc6.DLL
0x00007ffde5c70000 - 0x00007ffde5c8a000 	C:\Windows\SYSTEM32\dhcpcsvc.DLL
0x00007ffdc28e0000 - 0x00007ffdc2904000 	C:\Program Files\Android\Android Studio\jre\jre\bin\sunec.dll
0x00007ffded110000 - 0x00007ffded1b4000 	C:\Windows\SYSTEM32\DNSAPI.dll
0x00007ffddc3e0000 - 0x00007ffddc3ea000 	C:\Windows\System32\rasadhlp.dll
0x00007ffde5b50000 - 0x00007ffde5bbb000 	C:\Windows\System32\fwpuclnt.dll
0x00007ffdcebd0000 - 0x00007ffdcebdb000 	C:\Program Files\Android\Android Studio\jre\jre\bin\sunmscapi.dll
0x00007ffdedd80000 - 0x00007ffdedf5f000 	C:\Windows\system32\CRYPT32.dll
0x00007ffdedae0000 - 0x00007ffdedaf1000 	C:\Windows\system32\MSASN1.dll
0x00007ffdec550000 - 0x00007ffdec5de000 	C:\Windows\system32\apphelp.dll

VM Arguments:
jvm_args: -Xmx2048m -Dfile.encoding=UTF-8 -Duser.country=US -Duser.language=en -Duser.variant 
java_command: org.gradle.launcher.daemon.bootstrap.GradleDaemon 6.5
java_class_path (initial): C:\Users\Aniruddha Thorat\.gradle\wrapper\dists\gradle-6.5-bin\6nifqtx7604sqp1q6g8wikw7p\gradle-6.5\lib\gradle-launcher-6.5.jar
Launcher Type: SUN_STANDARD

Environment Variables:
PATH=C:\Program Files (x86)\Common Files\Oracle\Java\javapath;C:\Windows\system32;C:\Windows;C:\Windows\System32\Wbem;C:\Windows\System32\WindowsPowerShell\v1.0\;C:\Program Files\Microsoft\Web Platform Installer\;C:\Program Files\PuTTY\;C:\Program Files\Git\cmd;C:\Program Files (x86)\NVIDIA Corporation\PhysX\Common;C:\Program Files\NVIDIA Corporation\NVIDIA NvDLISR
USERNAME=Aniruddha Thorat
OS=Windows_NT
PROCESSOR_IDENTIFIER=Intel64 Family 6 Model 61 Stepping 4, GenuineIntel



---------------  S Y S T E M  ---------------

OS: Windows 8.1 , 64 bit Build 9600 (6.3.9600.17415)

CPU:total 4 (initial active 4) (2 cores per cpu, 2 threads per core) family 6 model 61 stepping 4, cmov, cx8, fxsr, mmx, sse, sse2, sse3, ssse3, sse4.1, sse4.2, popcnt, avx, avx2, aes, clmul, erms, 3dnowpref, lzcnt, ht, tsc, tscinvbit, bmi1, bmi2, adx

Memory: 4k page, physical 8309008k(724196k free), swap 11454736k(4760k free)

vm_info: OpenJDK 64-Bit Server VM (25.242-b01) for windows-amd64 JRE (1.8.0_242-release-1644-b01), built by "builder" with MS VC++ 10.0 (VS2010)

time: Sat Feb 27 17:41:04 2021
timezone: India Standard Time
elapsed time: 2359 seconds (0d 0h 39m 19s)

